<?xml version="1.0" encoding="UTF-8"?>
<testng-results skipped="0" failed="0" ignored="0" total="1" passed="1">
  <reporter-output>
  </reporter-output>
  <suite name="Default suite" duration-ms="36900" started-at="2020-01-28T20:37:08Z" finished-at="2020-01-28T20:37:45Z">
    <groups>
    </groups>
    <test name="Default test" duration-ms="36900" started-at="2020-01-28T20:37:08Z" finished-at="2020-01-28T20:37:45Z">
      <class name="jenkin.TestDemo">
        <test-method status="PASS" signature="runSetup()[pri:0, instance:jenkin.TestDemo@4678c730]" name="runSetup" duration-ms="36755" started-at="2020-01-28T20:37:08Z" finished-at="2020-01-28T20:37:45Z">
          <reporter-output>
          </reporter-output>
        </test-method> <!-- runSetup -->
      </class> <!-- jenkin.TestDemo -->
    </test> <!-- Default test -->
  </suite> <!-- Default suite -->
</testng-results>
